Wed Jan 24 23:34:44 2024 Venko server[10337]: Starting Venko Project 1.0.0. server....
Wed Jan 24 23:34:44 2024 Venko server[10337]: Server STARTED and is listening on port 9090..
Wed Jan 24 23:35:01 2024 Venko server[10337]: Server Accepted a new connection!.
Wed Jan 24 23:35:09 2024 Venko server[10337]: Directory for user user3 was created successfully.
Wed Jan 24 23:35:09 2024 Venko server[10337]: Session opened for user user3 from 127.0.0.1..
Wed Jan 24 23:35:17 2024 Venko server[10337]: Client user3 CLOSED connection with Server.
Wed Jan 24 23:44:53 2024 Venko server[10565]: Starting Venko Project 1.0.0. server....
Wed Jan 24 23:44:53 2024 Venko server[10565]: Server STARTED and is listening on port 9090..
Wed Jan 24 23:45:04 2024 Venko server[10565]: Server Accepted a new connection!.
Wed Jan 24 23:45:09 2024 Venko server[10565]: Directory for user user23 was created successfully.
Wed Jan 24 23:45:09 2024 Venko server[10565]: Session opened for user user23 from 127.0.0.1..
Wed Jan 24 23:45:15 2024 Venko server[10565]: Error opening file: file4 for user user23.
Wed Jan 24 23:45:23 2024 Venko server[10565]: Client user23 CLOSED connection with Server.
Wed Jan 24 23:45:54 2024 Venko server[10581]: Starting Venko Project 1.0.0. server....
Wed Jan 24 23:45:54 2024 Venko server[10581]: Server FAILED to Start. Error binding address to socket..
Wed Jan 24 23:45:57 2024 Venko server[10582]: Starting Venko Project 1.0.0. server....
Wed Jan 24 23:45:57 2024 Venko server[10582]: Server STARTED and is listening on port 9091..
Wed Jan 24 23:46:01 2024 Venko server[10582]: Server Accepted a new connection!.
Wed Jan 24 23:46:06 2024 Venko server[10582]: Directory for user iagho was created successfully.
Wed Jan 24 23:46:06 2024 Venko server[10582]: Session opened for user iagho from 127.0.0.1..
Wed Jan 24 23:46:09 2024 Venko server[10582]: File ia removed successfully by user iagho.
Wed Jan 24 23:46:16 2024 Venko server[10582]: File aa removed successfully by user iagho.
Wed Jan 24 23:54:17 2024 Venko server[10841]: Starting Venko Project 1.0.0. server....
Wed Jan 24 23:54:17 2024 Venko server[10841]: Server STARTED and is listening on port 9091..
Wed Jan 24 23:54:19 2024 Venko server[10841]: Server Accepted a new connection!.
Wed Jan 24 23:54:22 2024 Venko server[10841]: Directory for user iago was created successfully.
Wed Jan 24 23:54:22 2024 Venko server[10841]: Session opened for user iago from 127.0.0.1..
Wed Jan 24 23:54:23 2024 Venko server[10841]: Error while removing file aaa by user iago.
Wed Jan 24 23:54:31 2024 Venko server[10841]: Client iago CLOSED connection with Server.
Wed Jan 24 23:54:46 2024 Venko server[10841]: Server Accepted a new connection!.
Wed Jan 24 23:54:48 2024 Venko server[10841]: Session opened for user iago from 127.0.0.1..
Wed Jan 24 23:54:49 2024 Venko server[10841]: Error while removing file a by user iago.
Wed Jan 24 23:54:54 2024 Venko server[10841]: Error while removing file a by user iago.
Wed Jan 24 23:55:54 2024 Venko server[10900]: Starting Venko Project 1.0.0. server....
Wed Jan 24 23:55:54 2024 Venko server[10900]: Server FAILED to Start. Error binding address to socket..
Wed Jan 24 23:55:57 2024 Venko server[10910]: Starting Venko Project 1.0.0. server....
Wed Jan 24 23:55:57 2024 Venko server[10910]: Server STARTED and is listening on port 9092..
Wed Jan 24 23:56:01 2024 Venko server[10910]: Server Accepted a new connection!.
Wed Jan 24 23:56:04 2024 Venko server[10910]: Session opened for user iago from 127.0.0.1..
Wed Jan 24 23:56:06 2024 Venko server[10910]: File a removed successfully by user iago.
Wed Jan 24 23:57:15 2024 Venko server[10956]: Starting Venko Project 1.0.0. server....
Wed Jan 24 23:57:15 2024 Venko server[10956]: Server STARTED and is listening on port 9090..
Wed Jan 24 23:57:26 2024 Venko server[10956]: Server Accepted a new connection!.
Thu Jan 25 00:01:25 2024 Venko server[11123]: Starting Venko Project 1.0.0. server....
Thu Jan 25 00:01:25 2024 Venko server[11123]: Server STARTED and is listening on port 9090..
Thu Jan 25 00:01:27 2024 Venko server[11123]: Server Accepted a new connection!.
Thu Jan 25 00:01:29 2024 Venko server[11123]: Directory for user sasuke was created successfully.
Thu Jan 25 00:01:29 2024 Venko server[11123]: Session opened for user sasuke from 127.0.0.1..
Thu Jan 25 00:02:14 2024 Venko server[11123]: File a sended to user sasuke.
